<?xml version="1.0" encoding="UTF-8"?>
<!-- Generated by org.testng.reporters.JUnitXMLReporter -->
<testsuite ignored="3" hostname="Macbooks-MacBook-Pro.local" failures="0" tests="2" name="Default test" time="39.696" errors="0" timestamp="2024-02-22T11:55:14 EST">
  <testcase classname="pages.HomePageTest" name="SignInAccount" time="7.886"/>
  <testcase classname="pages.HomePageTest" name="SignIncreateAccount" time="19.18"/>
  <testcase classname="pages.HomePageTest" name="sinInButton" time="0.0">
    <ignored/>
  </testcase> <!-- sinInButton -->
  <testcase classname="pages.HomePageTest" name="searchField" time="0.0">
    <ignored/>
  </testcase> <!-- searchField -->
  <testcase classname="pages.HomePageTest" name="logoElement" time="0.0">
    <ignored/>
  </testcase> <!-- logoElement -->
</testsuite> <!-- Default test -->
