<?xml version="1.0" encoding="UTF-8"?>
<testng-results ignored="0" total="2" passed="2" failed="0" skipped="0">
  <reporter-output>
  </reporter-output>
  <suite started-at="2024-02-22T11:54:34 EST" name="Default suite" finished-at="2024-02-22T11:55:14 EST" duration-ms="39696">
    <groups>
    </groups>
    <test started-at="2024-02-22T11:54:34 EST" name="Default test" finished-at="2024-02-22T11:55:14 EST" duration-ms="39696">
      <class name="pages.HomePageTest">
        <test-method is-config="true" signature="setUp()[pri:0, instance:pages.HomePageTest@470f1802]" started-at="2024-02-22T11:54:34 EST" name="setUp" finished-at="2024-02-22T11:54:38 EST" duration-ms="4290" status="PASS">
          <reporter-output>
          </reporter-output>
        </test-method> <!-- setUp -->
        <test-method signature="SignInAccount()[pri:4, instance:pages.HomePageTest@470f1802]" started-at="2024-02-22T11:54:38 EST" name="SignInAccount" finished-at="2024-02-22T11:54:46 EST" duration-ms="7886" status="PASS">
          <reporter-output>
          </reporter-output>
        </test-method> <!-- SignInAccount -->
        <test-method is-config="true" signature="tearUp()[pri:0, instance:pages.HomePageTest@470f1802]" started-at="2024-02-22T11:54:46 EST" name="tearUp" finished-at="2024-02-22T11:54:46 EST" duration-ms="353" status="PASS">
          <reporter-output>
          </reporter-output>
        </test-method> <!-- tearUp -->
        <test-method is-config="true" signature="setUp()[pri:0, instance:pages.HomePageTest@470f1802]" started-at="2024-02-22T11:54:46 EST" name="setUp" finished-at="2024-02-22T11:54:54 EST" duration-ms="7603" status="PASS">
          <reporter-output>
          </reporter-output>
        </test-method> <!-- setUp -->
        <test-method signature="SignIncreateAccount()[pri:5, instance:pages.HomePageTest@470f1802]" started-at="2024-02-22T11:54:54 EST" name="SignIncreateAccount" finished-at="2024-02-22T11:55:13 EST" duration-ms="19180" status="PASS">
          <reporter-output>
          </reporter-output>
        </test-method> <!-- SignIncreateAccount -->
        <test-method is-config="true" signature="tearUp()[pri:0, instance:pages.HomePageTest@470f1802]" started-at="2024-02-22T11:55:13 EST" name="tearUp" finished-at="2024-02-22T11:55:14 EST" duration-ms="333" status="PASS">
          <reporter-output>
          </reporter-output>
        </test-method> <!-- tearUp -->
      </class> <!-- pages.HomePageTest -->
    </test> <!-- Default test -->
  </suite> <!-- Default suite -->
</testng-results>
